{"contracts\\batchTransferAdmin.sol":{"l":{"32":0,"33":0,"34":0,"35":0,"36":0,"43":0,"44":0,"51":0,"52":0,"60":0,"61":0,"62":0,"70":0,"71":0,"72":0,"73":0,"81":0,"82":0,"83":0,"93":0,"94":0,"96":0,"97":0,"98":0,"100":0,"102":0,"103":0,"105":0,"107":0,"108":0,"109":0,"110":0,"112":0,"120":0,"127":0},"path":"C:\\worksoc\\batchTransfer\\contracts\\batchTransferAdmin.sol","s":{"1":0,"2":0,"3":0,"4":0,"5":0,"6":0,"7":0,"8":0,"9":0,"10":0,"11":0,"12":0,"13":0,"14":0,"15":0,"16":0,"17":0,"18":0,"19":0,"20":0,"21":0,"22":0,"23":0,"24":0,"25":0,"26":0},"b":{"1":[0,0],"2":[0,0],"3":[0,0],"4":[0,0],"5":[0,0],"6":[0,0],"7":[0,0],"8":[0,0],"9":[0,0],"10":[0,0],"11":[0,0],"12":[0,0],"13":[0,0],"14":[0,0],"15":[0,0],"16":[0,0],"17":[0,0],"18":[0,0]},"f":{"1":0,"2":0,"3":0,"4":0,"5":0,"6":0,"7":0,"8":0,"9":0},"fnMap":{"1":{"name":"constructor","line":31,"loc":{"start":{"line":31,"column":4},"end":{"line":37,"column":4}}},"2":{"name":"onlyBatchOwner","line":42,"loc":{"start":{"line":42,"column":4},"end":{"line":45,"column":4}}},"3":{"name":"onlyAdmin","line":50,"loc":{"start":{"line":50,"column":4},"end":{"line":53,"column":4}}},"4":{"name":"transferBatchOwnership","line":59,"loc":{"start":{"line":59,"column":4},"end":{"line":63,"column":4}}},"5":{"name":"addAdmin","line":69,"loc":{"start":{"line":69,"column":4},"end":{"line":74,"column":4}}},"6":{"name":"removeAdmin","line":80,"loc":{"start":{"line":80,"column":4},"end":{"line":84,"column":4}}},"7":{"name":"batchTransfer","line":92,"loc":{"start":{"line":92,"column":4},"end":{"line":114,"column":4}}},"8":{"name":"pause","line":119,"loc":{"start":{"line":119,"column":4},"end":{"line":121,"column":4}}},"9":{"name":"unpause","line":126,"loc":{"start":{"line":126,"column":4},"end":{"line":128,"column":4}}}},"statementMap":{"1":{"start":{"line":33,"column":8},"end":{"line":33,"column":63}},"2":{"start":{"line":35,"column":8},"end":{"line":35,"column":63}},"3":{"start":{"line":36,"column":8},"end":{"line":36,"column":36}},"4":{"start":{"line":43,"column":8},"end":{"line":43,"column":74}},"5":{"start":{"line":51,"column":8},"end":{"line":51,"column":60}},"6":{"start":{"line":60,"column":8},"end":{"line":60,"column":78}},"7":{"start":{"line":61,"column":8},"end":{"line":61,"column":61}},"8":{"start":{"line":70,"column":8},"end":{"line":70,"column":71}},"9":{"start":{"line":71,"column":8},"end":{"line":71,"column":54}},"10":{"start":{"line":73,"column":8},"end":{"line":73,"column":30}},"11":{"start":{"line":81,"column":8},"end":{"line":81,"column":53}},"12":{"start":{"line":83,"column":8},"end":{"line":83,"column":32}},"13":{"start":{"line":93,"column":8},"end":{"line":93,"column":93}},"14":{"start":{"line":94,"column":8},"end":{"line":94,"column":31}},"15":{"start":{"line":96,"column":8},"end":{"line":96,"column":3795}},"16":{"start":{"line":97,"column":12},"end":{"line":97,"column":3864}},"17":{"start":{"line":100,"column":12},"end":{"line":100,"column":75}},"18":{"start":{"line":102,"column":12},"end":{"line":102,"column":4064}},"19":{"start":{"line":103,"column":16},"end":{"line":103,"column":58}},"20":{"start":{"line":105,"column":12},"end":{"line":105,"column":63}},"21":{"start":{"line":107,"column":12},"end":{"line":107,"column":47}},"22":{"start":{"line":108,"column":12},"end":{"line":108,"column":4356}},"23":{"start":{"line":110,"column":16},"end":{"line":110,"column":106}},"24":{"start":{"line":112,"column":12},"end":{"line":112,"column":77}},"25":{"start":{"line":120,"column":8},"end":{"line":120,"column":15}},"26":{"start":{"line":127,"column":8},"end":{"line":127,"column":17}}},"branchMap":{"1":{"line":43,"type":"if","locations":[{"start":{"line":43,"column":8},"end":{"line":43,"column":8}},{"start":{"line":43,"column":8},"end":{"line":43,"column":8}}]},"2":{"line":51,"type":"if","locations":[{"start":{"line":51,"column":8},"end":{"line":51,"column":8}},{"start":{"line":51,"column":8},"end":{"line":51,"column":8}}]},"3":{"line":59,"type":"if","locations":[{"start":{"line":59,"column":61},"end":{"line":59,"column":61}},{"start":{"line":59,"column":61},"end":{"line":59,"column":61}}]},"4":{"line":60,"type":"if","locations":[{"start":{"line":60,"column":8},"end":{"line":60,"column":8}},{"start":{"line":60,"column":8},"end":{"line":60,"column":8}}]},"5":{"line":69,"type":"if","locations":[{"start":{"line":69,"column":44},"end":{"line":69,"column":44}},{"start":{"line":69,"column":44},"end":{"line":69,"column":44}}]},"6":{"line":70,"type":"if","locations":[{"start":{"line":70,"column":8},"end":{"line":70,"column":8}},{"start":{"line":70,"column":8},"end":{"line":70,"column":8}}]},"7":{"line":71,"type":"if","locations":[{"start":{"line":71,"column":8},"end":{"line":71,"column":8}},{"start":{"line":71,"column":8},"end":{"line":71,"column":8}}]},"8":{"line":80,"type":"if","locations":[{"start":{"line":80,"column":47},"end":{"line":80,"column":47}},{"start":{"line":80,"column":47},"end":{"line":80,"column":47}}]},"9":{"line":81,"type":"if","locations":[{"start":{"line":81,"column":8},"end":{"line":81,"column":8}},{"start":{"line":81,"column":8},"end":{"line":81,"column":8}}]},"10":{"line":92,"type":"if","locations":[{"start":{"line":92,"column":119},"end":{"line":92,"column":119}},{"start":{"line":92,"column":119},"end":{"line":92,"column":119}}]},"11":{"line":92,"type":"if","locations":[{"start":{"line":92,"column":129},"end":{"line":92,"column":129}},{"start":{"line":92,"column":129},"end":{"line":92,"column":129}}]},"12":{"line":92,"type":"if","locations":[{"start":{"line":92,"column":142},"end":{"line":92,"column":142}},{"start":{"line":92,"column":142},"end":{"line":92,"column":142}}]},"13":{"line":93,"type":"if","locations":[{"start":{"line":93,"column":8},"end":{"line":93,"column":8}},{"start":{"line":93,"column":8},"end":{"line":93,"column":8}}]},"14":{"line":96,"type":"if","locations":[{"start":{"line":96,"column":8},"end":{"line":96,"column":8}},{"start":{"line":96,"column":8},"end":{"line":96,"column":8}}]},"15":{"line":100,"type":"if","locations":[{"start":{"line":100,"column":12},"end":{"line":100,"column":12}},{"start":{"line":100,"column":12},"end":{"line":100,"column":12}}]},"16":{"line":110,"type":"if","locations":[{"start":{"line":110,"column":16},"end":{"line":110,"column":16}},{"start":{"line":110,"column":16},"end":{"line":110,"column":16}}]},"17":{"line":119,"type":"if","locations":[{"start":{"line":119,"column":28},"end":{"line":119,"column":28}},{"start":{"line":119,"column":28},"end":{"line":119,"column":28}}]},"18":{"line":126,"type":"if","locations":[{"start":{"line":126,"column":30},"end":{"line":126,"column":30}},{"start":{"line":126,"column":30},"end":{"line":126,"column":30}}]}}},"contracts\\MockERC20.sol":{"l":{"8":0},"path":"C:\\worksoc\\batchTransfer\\contracts\\MockERC20.sol","s":{"1":0},"b":{},"f":{"1":0},"fnMap":{"1":{"name":"constructor","line":7,"loc":{"start":{"line":7,"column":4},"end":{"line":9,"column":4}}}},"statementMap":{"1":{"start":{"line":8,"column":8},"end":{"line":8,"column":39}}},"branchMap":{}}}